<?xml version="1.0" encoding="UTF-8"?>
<!-- Generated by org.testng.reporters.JUnitReportReporter -->
<testsuite hostname="Neevetha" failures="0" tests="7" name="chapter3.Testng" time="0.158" errors="0" timestamp="2021-09-14T18:07:52 IST" skipped="1">
  <testcase classname="chapter3.Testng" name="demo1" time="0.002"/>
  <system-out>
    <![CDATA[Hello selenium, true]]>
  </system-out>
  <testcase classname="chapter3.Testng" name="demo1" time="0.129"/>
  <system-out>
    <![CDATA[Hello selenium, true]]>
  </system-out>
  <testcase classname="chapter3.Testng" name="demo1" time="0.006"/>
  <system-out>
    <![CDATA[Hello selenium, true]]>
  </system-out>
  <testcase classname="chapter3.Testng" name="demo1" time="0.007"/>
  <system-out>
    <![CDATA[Hello selenium, true]]>
  </system-out>
  <testcase classname="chapter3.Testng" name="demo1" time="0.009"/>
  <system-out>
    <![CDATA[Hello selenium, true]]>
  </system-out>
  <testcase classname="chapter3.Testng" name="demo2" time="0.005"/>
  <system-out>
    <![CDATA[Hello java, true]]>
  </system-out>
  <testcase classname="chapter3.Testng" name="demo">
    <skipped/>
  </testcase> <!-- demo -->
  <system-out/>
</testsuite> <!-- chapter3.Testng -->
