<?xml version="1.0" encoding="UTF-8"?>
<!-- Generated by org.testng.reporters.JUnitReportReporter -->
<testsuite hostname="Neevetha" failures="0" tests="1" name="chapter3.Parallel" time="130.463" errors="0" timestamp="2021-09-17T15:04:22 IST" skipped="0">
  <testcase classname="chapter3.Parallel" name="demo" time="130.463"/>
  <system-out>
    <![CDATA[(6) Feed | LinkedIn
https://www.linkedin.com/feed/]]>
  </system-out>
</testsuite> <!-- chapter3.Parallel -->
